Generated at 2017-08-11 08:46:55 +0000
Chef::Exceptions::CannotWritePrivateKey: I can't write your private key to /etc/chef/client.pem - check permissions?
/opt/chefdk/embedded/lib/ruby/gems/2.1.0/gems/chef-12.12.15/lib/chef/api_client/registration.rb:74:in `assert_destination_writable!'
/opt/chefdk/embedded/lib/ruby/gems/2.1.0/gems/chef-12.12.15/lib/chef/api_client/registration.rb:54:in `run'
/opt/chefdk/embedded/lib/ruby/gems/2.1.0/gems/chef-12.12.15/lib/chef/client.rb:620:in `register'
/opt/chefdk/embedded/lib/ruby/gems/2.1.0/gems/chef-12.12.15/lib/chef/client.rb:266:in `run'
/opt/chefdk/embedded/lib/ruby/gems/2.1.0/gems/chef-12.12.15/lib/chef/application.rb:286:in `block in fork_chef_client'
/opt/chefdk/embedded/lib/ruby/gems/2.1.0/gems/chef-12.12.15/lib/chef/application.rb:274:in `fork'
/opt/chefdk/embedded/lib/ruby/gems/2.1.0/gems/chef-12.12.15/lib/chef/application.rb:274:in `fork_chef_client'
/opt/chefdk/embedded/lib/ruby/gems/2.1.0/gems/chef-12.12.15/lib/chef/application.rb:239:in `block in run_chef_client'
/opt/chefdk/embedded/lib/ruby/gems/2.1.0/gems/chef-12.12.15/lib/chef/local_mode.rb:44:in `with_server_connectivity'
/opt/chefdk/embedded/lib/ruby/gems/2.1.0/gems/chef-12.12.15/lib/chef/application.rb:227:in `run_chef_client'
/opt/chefdk/embedded/lib/ruby/gems/2.1.0/gems/chef-12.12.15/lib/chef/application/client.rb:456:in `sleep_then_run_chef_client'
/opt/chefdk/embedded/lib/ruby/gems/2.1.0/gems/chef-12.12.15/lib/chef/application/client.rb:443:in `block in interval_run_chef_client'
/opt/chefdk/embedded/lib/ruby/gems/2.1.0/gems/chef-12.12.15/lib/chef/application/client.rb:442:in `loop'
/opt/chefdk/embedded/lib/ruby/gems/2.1.0/gems/chef-12.12.15/lib/chef/application/client.rb:442:in `interval_run_chef_client'
/opt/chefdk/embedded/lib/ruby/gems/2.1.0/gems/chef-12.12.15/lib/chef/application/client.rb:426:in `run_application'
/opt/chefdk/embedded/lib/ruby/gems/2.1.0/gems/chef-12.12.15/lib/chef/application.rb:59:in `run'
/opt/chefdk/embedded/lib/ruby/gems/2.1.0/gems/chef-12.12.15/bin/chef-client:26:in `<top (required)>'
/usr/bin/chef-client:52:in `load'
/usr/bin/chef-client:52:in `<main>'